Analysis & Synthesis report for UART
Mon Dec 19 17:24:03 2022
Quartus II 64-Bit Version 13.0.1 Build 232 06/12/2013 Service Pack 1 SJ Web Edition


---------------------
; Table of Contents ;
---------------------
  1. Legal Notice
  2. Analysis & Synthesis Summary
  3. Analysis & Synthesis Settings
  4. Parallel Compilation
  5. Analysis & Synthesis Source Files Read
  6. Analysis & Synthesis Resource Usage Summary
  7. Analysis & Synthesis Resource Utilization by Entity
  8. State Machine - |uart|UART_RX:rec|state
  9. State Machine - |uart|UART_TX:tr|state
 10. Registers Removed During Synthesis
 11. Removed Registers Triggering Further Register Optimizations
 12. General Register Statistics
 13. Multiplexer Restructuring Statistics (Restructuring Performed)
 14. Parameter Settings for User Entity Instance: Top-level Entity: |UART
 15. Parameter Settings for User Entity Instance: UART_TX:tr
 16. Parameter Settings for User Entity Instance: UART_RX:rec
 17. Port Connectivity Checks: "UART_RX:rec"
 18. Port Connectivity Checks: "UART_TX:tr"
 19. Elapsed Time Per Partition
 20. Analysis & Synthesis Messages



----------------
; Legal Notice ;
----------------
Copyright (C) 1991-2013 Altera Corporation
Your use of Altera Corporation's design tools, logic functions 
and other software and tools, and its AMPP partner logic 
functions, and any output files from any of the foregoing 
(including device programming or simulation files), and any 
associated documentation or information are expressly subject 
to the terms and conditions of the Altera Program License 
Subscription Agreement, Altera MegaCore Function License 
Agreement, or other applicable license agreement, including, 
without limitation, that your use is for the sole purpose of 
programming logic devices manufactured by Altera and sold by 
Altera or its authorized distributors.  Please refer to the 
applicable agreement for further details.



+--------------------------------------------------------------------------------------+
; Analysis & Synthesis Summary                                                         ;
+------------------------------------+-------------------------------------------------+
; Analysis & Synthesis Status        ; Successful - Mon Dec 19 17:24:03 2022           ;
; Quartus II 64-Bit Version          ; 13.0.1 Build 232 06/12/2013 SP 1 SJ Web Edition ;
; Revision Name                      ; UART                                            ;
; Top-level Entity Name              ; uart                                            ;
; Family                             ; Cyclone IV E                                    ;
; Total logic elements               ; 73                                              ;
;     Total combinational functions  ; 65                                              ;
;     Dedicated logic registers      ; 36                                              ;
; Total registers                    ; 36                                              ;
; Total pins                         ; 19                                              ;
; Total virtual pins                 ; 0                                               ;
; Total memory bits                  ; 0                                               ;
; Embedded Multiplier 9-bit elements ; 0                                               ;
; Total PLLs                         ; 0                                               ;
+------------------------------------+-------------------------------------------------+


+----------------------------------------------------------------------------------------------------------------------+
; Analysis & Synthesis Settings                                                                                        ;
+----------------------------------------------------------------------------+--------------------+--------------------+
; Option                                                                     ; Setting            ; Default Value      ;
+----------------------------------------------------------------------------+--------------------+--------------------+
; Device                                                                     ; EP4CE115F23C7      ;                    ;
; Top-level entity name                                                      ; UART               ; UART               ;
; Family name                                                                ; Cyclone IV E       ; Cyclone IV GX      ;
; Use smart compilation                                                      ; Off                ; Off                ;
; Enable parallel Assembler and TimeQuest Timing Analyzer during compilation ; On                 ; On                 ;
; Enable compact report table                                                ; Off                ; Off                ;
; Restructure Multiplexers                                                   ; Auto               ; Auto               ;
; Create Debugging Nodes for IP Cores                                        ; Off                ; Off                ;
; Preserve fewer node names                                                  ; On                 ; On                 ;
; Disable OpenCore Plus hardware evaluation                                  ; Off                ; Off                ;
; Verilog Version                                                            ; Verilog_2001       ; Verilog_2001       ;
; VHDL Version                                                               ; VHDL_1993          ; VHDL_1993          ;
; State Machine Processing                                                   ; Auto               ; Auto               ;
; Safe State Machine                                                         ; Off                ; Off                ;
; Extract Verilog State Machines                                             ; On                 ; On                 ;
; Extract VHDL State Machines                                                ; On                 ; On                 ;
; Ignore Verilog initial constructs                                          ; Off                ; Off                ;
; Iteration limit for constant Verilog loops                                 ; 5000               ; 5000               ;
; Iteration limit for non-constant Verilog loops                             ; 250                ; 250                ;
; Add Pass-Through Logic to Inferred RAMs                                    ; On                 ; On                 ;
; Infer RAMs from Raw Logic                                                  ; On                 ; On                 ;
; Parallel Synthesis                                                         ; On                 ; On                 ;
; DSP Block Balancing                                                        ; Auto               ; Auto               ;
; NOT Gate Push-Back                                                         ; On                 ; On                 ;
; Power-Up Don't Care                                                        ; On                 ; On                 ;
; Remove Redundant Logic Cells                                               ; Off                ; Off                ;
; Remove Duplicate Registers                                                 ; On                 ; On                 ;
; Ignore CARRY Buffers                                                       ; Off                ; Off                ;
; Ignore CASCADE Buffers                                                     ; Off                ; Off                ;
; Ignore GLOBAL Buffers                                                      ; Off                ; Off                ;
; Ignore ROW GLOBAL Buffers                                                  ; Off                ; Off                ;
; Ignore LCELL Buffers                                                       ; Off                ; Off                ;
; Ignore SOFT Buffers                                                        ; On                 ; On                 ;
; Limit AHDL Integers to 32 Bits                                             ; Off                ; Off                ;
; Optimization Technique                                                     ; Balanced           ; Balanced           ;
; Carry Chain Length                                                         ; 70                 ; 70                 ;
; Auto Carry Chains                                                          ; On                 ; On                 ;
; Auto Open-Drain Pins                                                       ; On                 ; On                 ;
; Perform WYSIWYG Primitive Resynthesis                                      ; Off                ; Off                ;
; Auto ROM Replacement                                                       ; On                 ; On                 ;
; Auto RAM Replacement                                                       ; On                 ; On                 ;
; Auto DSP Block Replacement                                                 ; On                 ; On                 ;
; Auto Shift Register Replacement                                            ; Auto               ; Auto               ;
; Allow Shift Register Merging across Hierarchies                            ; Auto               ; Auto               ;
; Auto Clock Enable Replacement                                              ; On                 ; On                 ;
; Strict RAM Replacement                                                     ; Off                ; Off                ;
; Allow Synchronous Control Signals                                          ; On                 ; On                 ;
; Force Use of Synchronous Clear Signals                                     ; Off                ; Off                ;
; Auto RAM Block Balancing                                                   ; On                 ; On                 ;
; Auto RAM to Logic Cell Conversion                                          ; Off                ; Off                ;
; Auto Resource Sharing                                                      ; Off                ; Off                ;
; Allow Any RAM Size For Recognition                                         ; Off                ; Off                ;
; Allow Any ROM Size For Recognition                                         ; Off                ; Off                ;
; Allow Any Shift Register Size For Recognition                              ; Off                ; Off                ;
; Use LogicLock Constraints during Resource Balancing                        ; On                 ; On                 ;
; Ignore translate_off and synthesis_off directives                          ; Off                ; Off                ;
; Timing-Driven Synthesis                                                    ; On                 ; On                 ;
; Report Parameter Settings                                                  ; On                 ; On                 ;
; Report Source Assignments                                                  ; On                 ; On                 ;
; Report Connectivity Checks                                                 ; On                 ; On                 ;
; Ignore Maximum Fan-Out Assignments                                         ; Off                ; Off                ;
; Synchronization Register Chain Length                                      ; 2                  ; 2                  ;
; PowerPlay Power Optimization                                               ; Normal compilation ; Normal compilation ;
; HDL message level                                                          ; Level2             ; Level2             ;
; Suppress Register Optimization Related Messages                            ; Off                ; Off                ;
; Number of Removed Registers Reported in Synthesis Report                   ; 5000               ; 5000               ;
; Number of Swept Nodes Reported in Synthesis Report                         ; 5000               ; 5000               ;
; Number of Inverted Registers Reported in Synthesis Report                  ; 100                ; 100                ;
; Clock MUX Protection                                                       ; On                 ; On                 ;
; Auto Gated Clock Conversion                                                ; Off                ; Off                ;
; Block Design Naming                                                        ; Auto               ; Auto               ;
; SDC constraint protection                                                  ; Off                ; Off                ;
; Synthesis Effort                                                           ; Auto               ; Auto               ;
; Shift Register Replacement - Allow Asynchronous Clear Signal               ; On                 ; On                 ;
; Pre-Mapping Resynthesis Optimization                                       ; Off                ; Off                ;
; Analysis & Synthesis Message Level                                         ; Medium             ; Medium             ;
; Disable Register Merging Across Hierarchies                                ; Auto               ; Auto               ;
; Resource Aware Inference For Block RAM                                     ; On                 ; On                 ;
; Synthesis Seed                                                             ; 1                  ; 1                  ;
+----------------------------------------------------------------------------+--------------------+--------------------+


Parallel compilation was disabled, but you have multiple processors available. Enable parallel compilation to reduce compilation time.
+-------------------------------------+
; Parallel Compilation                ;
+----------------------------+--------+
; Processors                 ; Number ;
+----------------------------+--------+
; Number detected on machine ; 4      ;
; Maximum allowed            ; 1      ;
+----------------------------+--------+


+--------------------------------------------------------------------------------------------------------------------------+
; Analysis & Synthesis Source Files Read                                                                                   ;
+----------------------------------+-----------------+-----------------+-----------------------------------------+---------+
; File Name with User-Entered Path ; Used in Netlist ; File Type       ; File Name with Absolute Path            ; Library ;
+----------------------------------+-----------------+-----------------+-----------------------------------------+---------+
; ../UART_TX/uart_tx.vhd           ; yes             ; User VHDL File  ; D:/quartus/proj/UART_TX/uart_tx.vhd     ;         ;
; ../UART_RX/UART_RX (3).vhd       ; yes             ; User VHDL File  ; D:/quartus/proj/UART_RX/UART_RX (3).vhd ;         ;
; UART.vhd                         ; yes             ; User VHDL File  ; D:/quartus/proj/UART_M/UART.vhd         ;         ;
+----------------------------------+-----------------+-----------------+-----------------------------------------+---------+


+---------------------------------------------------------+
; Analysis & Synthesis Resource Usage Summary             ;
+---------------------------------------------+-----------+
; Resource                                    ; Usage     ;
+---------------------------------------------+-----------+
; Estimated Total logic elements              ; 73        ;
;                                             ;           ;
; Total combinational functions               ; 65        ;
; Logic element usage by number of LUT inputs ;           ;
;     -- 4 input functions                    ; 26        ;
;     -- 3 input functions                    ; 24        ;
;     -- <=2 input functions                  ; 15        ;
;                                             ;           ;
; Logic elements by mode                      ;           ;
;     -- normal mode                          ; 53        ;
;     -- arithmetic mode                      ; 12        ;
;                                             ;           ;
; Total registers                             ; 36        ;
;     -- Dedicated logic registers            ; 36        ;
;     -- I/O registers                        ; 0         ;
;                                             ;           ;
; I/O pins                                    ; 19        ;
; Embedded Multiplier 9-bit elements          ; 0         ;
; Maximum fan-out node                        ; clk~input ;
; Maximum fan-out                             ; 36        ;
; Total fan-out                               ; 322       ;
; Average fan-out                             ; 2.32      ;
+---------------------------------------------+-----------+


+-----------------------------------------------------------------------------------------------------------------------------------------------------------------------------+
; Analysis & Synthesis Resource Utilization by Entity                                                                                                                         ;
+----------------------------+-------------------+--------------+-------------+--------------+---------+-----------+------+--------------+---------------------+--------------+
; Compilation Hierarchy Node ; LC Combinationals ; LC Registers ; Memory Bits ; DSP Elements ; DSP 9x9 ; DSP 18x18 ; Pins ; Virtual Pins ; Full Hierarchy Name ; Library Name ;
+----------------------------+-------------------+--------------+-------------+--------------+---------+-----------+------+--------------+---------------------+--------------+
; |uart                      ; 65 (0)            ; 36 (0)       ; 0           ; 0            ; 0       ; 0         ; 19   ; 0            ; |uart               ; work         ;
;    |UART_RX:rec|           ; 65 (65)           ; 36 (36)      ; 0           ; 0            ; 0       ; 0         ; 0    ; 0            ; |uart|UART_RX:rec   ; work         ;
+----------------------------+-------------------+--------------+-------------+--------------+---------+-----------+------+--------------+---------------------+--------------+
Note: For table entries with two numbers listed, the numbers in parentheses indicate the number of resources of the given type used by the specific entity alone. The numbers listed outside of parentheses indicate the total resources of the given type used by the specific entity and all of its sub-entities in the hierarchy.


Encoding Type:  One-Hot
+---------------------------------------------------------------------------------+
; State Machine - |uart|UART_RX:rec|state                                         ;
+-----------------+----------------+---------------+-----------------+------------+
; Name            ; state.stop_bit ; state.recieve ; state.start_bit ; state.IDLE ;
+-----------------+----------------+---------------+-----------------+------------+
; state.IDLE      ; 0              ; 0             ; 0               ; 0          ;
; state.start_bit ; 0              ; 0             ; 1               ; 1          ;
; state.recieve   ; 0              ; 1             ; 0               ; 1          ;
; state.stop_bit  ; 1              ; 0             ; 0               ; 1          ;
+-----------------+----------------+---------------+-----------------+------------+


Encoding Type:  One-Hot
+------------------------------------------------------------------+
; State Machine - |uart|UART_TX:tr|state                           ;
+-------------+------------+------------+-------------+------------+
; Name        ; state.STOP ; state.DATA ; state.START ; state.IDLE ;
+-------------+------------+------------+-------------+------------+
; state.IDLE  ; 0          ; 0          ; 0           ; 0          ;
; state.START ; 0          ; 0          ; 1           ; 1          ;
; state.DATA  ; 0          ; 1          ; 0           ; 1          ;
; state.STOP  ; 1          ; 0          ; 0           ; 1          ;
+-------------+------------+------------+-------------+------------+


+--------------------------------------------------------------+
; Registers Removed During Synthesis                           ;
+-----------------------------------------+--------------------+
; Register name                           ; Reason for Removal ;
+-----------------------------------------+--------------------+
; UART_TX:tr|bit_index[0..2]              ; Lost fanout        ;
; UART_TX:tr|baud_rate_clk                ; Lost fanout        ;
; UART_TX:tr|\baud_rate:baud_count[0..12] ; Lost fanout        ;
; UART_TX:tr|state.IDLE                   ; Lost fanout        ;
; UART_TX:tr|state.START                  ; Lost fanout        ;
; UART_TX:tr|state.DATA                   ; Lost fanout        ;
; UART_TX:tr|state.STOP                   ; Lost fanout        ;
; Total Number of Removed Registers = 21  ;                    ;
+-----------------------------------------+--------------------+


+----------------------------------------------------------------------------------------------------------------------------+
; Removed Registers Triggering Further Register Optimizations                                                                ;
+-------------------------+--------------------+-----------------------------------------------------------------------------+
; Register name           ; Reason for Removal ; Registers Removed due to This Register                                      ;
+-------------------------+--------------------+-----------------------------------------------------------------------------+
; UART_TX:tr|bit_index[0] ; Lost Fanouts       ; UART_TX:tr|baud_rate_clk, UART_TX:tr|\baud_rate:baud_count[0],              ;
;                         ;                    ; UART_TX:tr|\baud_rate:baud_count[1], UART_TX:tr|\baud_rate:baud_count[2],   ;
;                         ;                    ; UART_TX:tr|\baud_rate:baud_count[3], UART_TX:tr|\baud_rate:baud_count[4],   ;
;                         ;                    ; UART_TX:tr|\baud_rate:baud_count[5], UART_TX:tr|\baud_rate:baud_count[6],   ;
;                         ;                    ; UART_TX:tr|\baud_rate:baud_count[7], UART_TX:tr|\baud_rate:baud_count[8],   ;
;                         ;                    ; UART_TX:tr|\baud_rate:baud_count[9], UART_TX:tr|\baud_rate:baud_count[10],  ;
;                         ;                    ; UART_TX:tr|\baud_rate:baud_count[11], UART_TX:tr|\baud_rate:baud_count[12], ;
;                         ;                    ; UART_TX:tr|state.DATA, UART_TX:tr|state.STOP                                ;
+-------------------------+--------------------+-----------------------------------------------------------------------------+


+------------------------------------------------------+
; General Register Statistics                          ;
+----------------------------------------------+-------+
; Statistic                                    ; Value ;
+----------------------------------------------+-------+
; Total registers                              ; 36    ;
; Number of registers using Synchronous Clear  ; 0     ;
; Number of registers using Synchronous Load   ; 0     ;
; Number of registers using Asynchronous Clear ; 0     ;
; Number of registers using Asynchronous Load  ; 0     ;
; Number of registers using Clock Enable       ; 18    ;
; Number of registers using Preset             ; 0     ;
+----------------------------------------------+-------+


+---------------------------------------------------------------------------------------------------------------------------------------------------------+
; Multiplexer Restructuring Statistics (Restructuring Performed)                                                                                          ;
+--------------------+-----------+---------------+----------------------+------------------------+------------+-------------------------------------------+
; Multiplexer Inputs ; Bus Width ; Baseline Area ; Area if Restructured ; Saving if Restructured ; Registered ; Example Multiplexer Output                ;
+--------------------+-----------+---------------+----------------------+------------------------+------------+-------------------------------------------+
; 3:1                ; 3 bits    ; 6 LEs         ; 3 LEs                ; 3 LEs                  ; Yes        ; |uart|UART_TX:tr|bit_index[2]             ;
; 3:1                ; 13 bits   ; 26 LEs        ; 13 LEs               ; 13 LEs                 ; Yes        ; |uart|UART_TX:tr|\baud_rate:baud_count[3] ;
; 7:1                ; 13 bits   ; 52 LEs        ; 13 LEs               ; 39 LEs                 ; Yes        ; |uart|UART_RX:rec|cnt[8]                  ;
; 3:1                ; 2 bits    ; 4 LEs         ; 4 LEs                ; 0 LEs                  ; No         ; |uart|UART_TX:tr|state                    ;
; 8:1                ; 2 bits    ; 10 LEs        ; 6 LEs                ; 4 LEs                  ; No         ; |uart|UART_TX:tr|state                    ;
+--------------------+-----------+---------------+----------------------+------------------------+------------+-------------------------------------------+


+----------------------------------------------------------------------+
; Parameter Settings for User Entity Instance: Top-level Entity: |UART ;
+----------------+-------+---------------------------------------------+
; Parameter Name ; Value ; Type                                        ;
+----------------+-------+---------------------------------------------+
; Baud_clk       ; 5208  ; Signed Integer                              ;
+----------------+-------+---------------------------------------------+
Note: In order to hide this table in the UI and the text report file, please set the "Show Parameter Settings in Synthesis Report" option in "Analysis and Synthesis Settings -> More Settings" to "Off".


+---------------------------------------------------------+
; Parameter Settings for User Entity Instance: UART_TX:tr ;
+----------------+-------+--------------------------------+
; Parameter Name ; Value ; Type                           ;
+----------------+-------+--------------------------------+
; baud_clk       ; 5208  ; Signed Integer                 ;
+----------------+-------+--------------------------------+
Note: In order to hide this table in the UI and the text report file, please set the "Show Parameter Settings in Synthesis Report" option in "Analysis and Synthesis Settings -> More Settings" to "Off".


+----------------------------------------------------------+
; Parameter Settings for User Entity Instance: UART_RX:rec ;
+----------------+-------+---------------------------------+
; Parameter Name ; Value ; Type                            ;
+----------------+-------+---------------------------------+
; baud_clk       ; 5208  ; Signed Integer                  ;
+----------------+-------+---------------------------------+
Note: In order to hide this table in the UI and the text report file, please set the "Show Parameter Settings in Synthesis Report" option in "Analysis and Synthesis Settings -> More Settings" to "Off".


+-------------------------------------------------------------------------------------------------------------------+
; Port Connectivity Checks: "UART_RX:rec"                                                                           ;
+---------+--------+----------+-------------------------------------------------------------------------------------+
; Port    ; Type   ; Severity ; Details                                                                             ;
+---------+--------+----------+-------------------------------------------------------------------------------------+
; rx_done ; Output ; Info     ; Connected to dangling logic. Logic that only feeds a dangling port will be removed. ;
+---------+--------+----------+-------------------------------------------------------------------------------------+


+-----------------------------------------------------------------------------------------------------------------------+
; Port Connectivity Checks: "UART_TX:tr"                                                                                ;
+-------------+--------+----------+-------------------------------------------------------------------------------------+
; Port        ; Type   ; Severity ; Details                                                                             ;
+-------------+--------+----------+-------------------------------------------------------------------------------------+
; tx_data_out ; Output ; Info     ; Connected to dangling logic. Logic that only feeds a dangling port will be removed. ;
+-------------+--------+----------+-------------------------------------------------------------------------------------+


+-------------------------------+
; Elapsed Time Per Partition    ;
+----------------+--------------+
; Partition Name ; Elapsed Time ;
+----------------+--------------+
; Top            ; 00:00:01     ;
+----------------+--------------+


+-------------------------------+
; Analysis & Synthesis Messages ;
+-------------------------------+
Info: *******************************************************************
Info: Running Quartus II 64-Bit Analysis & Synthesis
    Info: Version 13.0.1 Build 232 06/12/2013 Service Pack 1 SJ Web Edition
    Info: Processing started: Mon Dec 19 17:23:58 2022
Info: Command: quartus_map --read_settings_files=on --write_settings_files=off UART -c UART
Warning (20028): Parallel compilation is not licensed and has been disabled
Info (12021): Found 2 design units, including 1 entities, in source file /quartus/proj/uart_tx/uart_tx.vhd
    Info (12022): Found design unit 1: UART_TX-Transmit
    Info (12023): Found entity 1: UART_TX
Info (12021): Found 2 design units, including 1 entities, in source file /quartus/proj/uart_rx/uart_rx (3).vhd
    Info (12022): Found design unit 1: UART_RX-rtl
    Info (12023): Found entity 1: UART_RX
Info (12021): Found 2 design units, including 1 entities, in source file uart.vhd
    Info (12022): Found design unit 1: uart-full_uart
    Info (12023): Found entity 1: uart
Info (12127): Elaborating entity "UART" for the top level hierarchy
Warning (10036): Verilog HDL or VHDL warning at UART.vhd(43): object "wire" assigned a value but never read
Info (12128): Elaborating entity "UART_TX" for hierarchy "UART_TX:tr"
Info (12128): Elaborating entity "UART_RX" for hierarchy "UART_RX:rec"
Info (286030): Timing-Driven Synthesis is running
Info (17049): 21 registers lost all their fanouts during netlist optimizations.
Info (16010): Generating hard_block partition "hard_block:auto_generated_inst"
    Info (16011): Adding 0 node(s), including 0 DDIO, 0 PLL, 0 transceiver and 0 LCELL
Warning (21074): Design contains 9 input pin(s) that do not drive logic
    Warning (15610): No output dependent on input pin "vector[0]"
    Warning (15610): No output dependent on input pin "vector[1]"
    Warning (15610): No output dependent on input pin "vector[2]"
    Warning (15610): No output dependent on input pin "vector[3]"
    Warning (15610): No output dependent on input pin "vector[4]"
    Warning (15610): No output dependent on input pin "vector[5]"
    Warning (15610): No output dependent on input pin "vector[6]"
    Warning (15610): No output dependent on input pin "vector[7]"
    Warning (15610): No output dependent on input pin "st_en"
Info (21057): Implemented 92 device resources after synthesis - the final resource count might be different
    Info (21058): Implemented 11 input pins
    Info (21059): Implemented 8 output pins
    Info (21061): Implemented 73 logic cells
Info: Quartus II 64-Bit Analysis & Synthesis was successful. 0 errors, 12 warnings
    Info: Peak virtual memory: 4631 megabytes
    Info: Processing ended: Mon Dec 19 17:24:04 2022
    Info: Elapsed time: 00:00:06
    Info: Total CPU time (on all processors): 00:00:04


